VivoClockWeatherMusicWidget/proguard/seeds.txt
com.cooee.widgetnative.enjoy.BuildConfig: BuildConfig()
com.cooee.widgetnative.enjoy.DownloadActivity
com.cooee.widgetnative.enjoy.DownloadActivity: DownloadActivity()
com.cooee.widgetnative.enjoy.DownloadActivity: android.graphics.drawable.Drawable getAppIconDrawableByPkgName(android.content.Context,java.lang.String)
com.cooee.widgetnative.enjoy.DownloadActivity: void onClick(android.view.View)
com.cooee.widgetnative.enjoy.DownloadActivity$1: void setProxy(java.lang.Object)
com.cooee.widgetnative.enjoy.DownloadActivity$1: void onDownloadSuccess()
com.cooee.widgetnative.enjoy.DownloadActivity$1: void onDownloadFail()
com.cooee.widgetnative.enjoy.DownloadActivity$1: void onDownloadProgress(int)
com.cooee.widgetnative.enjoy.DownloadActivity$1: void onInstallSuccess(java.lang.String)
com.cooee.widgetnative.enjoy.DownloadActivity$1: void showMessage(java.lang.String)
com.cooee.widgetnative.enjoy.R: R()
com.cooee.widgetnative.enjoy.R$attr: R$attr()
com.cooee.widgetnative.enjoy.R$bool: R$bool()
com.cooee.widgetnative.enjoy.R$dimen: R$dimen()
com.cooee.widgetnative.enjoy.R$drawable: R$drawable()
com.cooee.widgetnative.enjoy.R$id: R$id()
com.cooee.widgetnative.enjoy.R$integer: R$integer()
com.cooee.widgetnative.enjoy.R$layout: R$layout()
com.cooee.widgetnative.enjoy.R$string: R$string()
com.cooee.widgetnative.enjoy.R$style: R$style()
com.cooee.widgetnative.enjoy.ReStartBroadcast
com.cooee.widgetnative.enjoy.ReStartBroadcast: ReStartBroadcast()
com.cooee.widgetnative.enjoy.ReStartBroadcast: void onReceive(android.content.Context,android.content.Intent)
com.cooee.widgetnative.enjoy.WidgetProvider
com.cooee.widgetnative.enjoy.WidgetProvider: WidgetProvider()
com.cooee.widgetnative.enjoy.WidgetProvider: void onReceive(android.content.Context,android.content.Intent)
com.cooee.widgetnative.enjoy.WidgetProvider: void onEnabled(android.content.Context)
com.cooee.widgetnative.enjoy.WidgetProvider: void onUpdate(android.content.Context,android.appwidget.AppWidgetManager,int[])
com.cooee.widgetnative.enjoy.WidgetProvider: void onDisabled(android.content.Context)
com.cooee.widgetnative.enjoy.common.BitmapUtils: BitmapUtils()
com.cooee.widgetnative.enjoy.common.BitmapUtils: android.graphics.Bitmap adaptive(android.graphics.Bitmap,float,float)
com.cooee.widgetnative.enjoy.common.BitmapUtils: android.graphics.Bitmap onCompositeImages(android.graphics.Bitmap,android.graphics.Bitmap,android.graphics.Bitmap)
com.cooee.widgetnative.enjoy.common.BitmapUtils: void saveMyBitmap(java.lang.String,android.graphics.Bitmap)
com.cooee.widgetnative.enjoy.common.WeatherIMG: WeatherIMG()
com.cooee.widgetnative.enjoy.common.WeatherIMG: int matchingWeather(java.lang.String)
com.cooee.widgetnative.enjoy.manager.ClockManager: com.cooee.widgetnative.enjoy.manager.ClockManager getInstance(android.content.Context)
com.cooee.widgetnative.enjoy.manager.ClockManager: void initClickView(android.widget.RemoteViews)
com.cooee.widgetnative.enjoy.manager.ClockManager: void onClick()
com.cooee.widgetnative.enjoy.manager.ClockManager: void updateAllWidget(android.widget.RemoteViews)
com.cooee.widgetnative.enjoy.manager.ClockManager: boolean isShowClockVeiw()
com.cooee.widgetnative.enjoy.manager.MusicManager: com.cooee.widgetnative.enjoy.manager.MusicManager getInstance(android.content.Context)
com.cooee.widgetnative.enjoy.manager.MusicManager: void initClickView(android.widget.RemoteViews)
com.cooee.widgetnative.enjoy.manager.MusicManager: void changeMusicWidgetView(android.content.Intent)
com.cooee.widgetnative.enjoy.manager.MusicManager: void setSongInfo(android.content.Intent)
com.cooee.widgetnative.enjoy.manager.MusicManager: void setPlayingState(android.content.Context,android.content.Intent)
com.cooee.widgetnative.enjoy.manager.MusicManager: void updateAllWidget(android.widget.RemoteViews)
com.cooee.widgetnative.enjoy.manager.MusicManager: boolean isShowMusicVeiw()
...
com.kpsh.sdk.c: java.lang.String a()
com.kpsh.sdk.c: void a(java.lang.String)
com.kpsh.sdk.c: void b(java.lang.String)
com.kpsh.sdk.c: void a(java.lang.String,java.lang.String)
com.kpsh.sdk.c: void b(java.lang.String,java.lang.String)
com.kpsh.sdk.c: void a(java.lang.Exception)
com.kpsh.sdk.d: void run()
com.kpsh.sdk.e: void run()
com.uuid.control.UuidControl: java.lang.String getUniqueID(android.content.Context)
com.uuid.model.AppUuid: AppUuid(android.content.Context)
com.uuid.model.AppUuid: java.util.ArrayList getAllUuid()
com.uuid.model.AppUuid: void changeUuid(java.lang.String)
com.uuid.model.SdUuid: SdUuid(android.content.Context)
com.uuid.model.SdUuid: java.util.ArrayList getAllUuid()
com.uuid.model.SdUuid: void changeUuid(java.lang.String)
com.uuid.model.SysUuid: SysUuid(android.content.Context)
com.uuid.model.SysUuid: java.util.ArrayList getAllUuid()
com.uuid.model.SysUuid: void changeUuid(java.lang.String)
com.uuid.model.UuidBase: UuidBase(android.content.Context)
com.uuid.model.UuidBase: void changeUuid(java.lang.String)
com.uuid.model.UuidBase: java.util.ArrayList getAllUuid()
com.uuid.utils.FileName: FileName()
com.uuid.utils.FilePateUtils: FilePateUtils()
com.uuid.utils.FilePateUtils: java.lang.String getUUIDExternalFolderOnePath()
com.uuid.utils.FilePateUtils: java.lang.String getUUIDExternalFolderTwoPath()
com.uuid.utils.FilePateUtils: java.lang.String getUUIDInteriorFolderOnePath(android.content.Context)
com.uuid.utils.FilePateUtils: java.lang.String getUUIDInteriorFolderTwoPath(android.content.Context)
com.uuid.utils.FilePateUtils: java.lang.String getUUIDExternalFileOnePath()
com.uuid.utils.FilePateUtils: java.lang.String getUUIDExternalFileTwoPath()
com.uuid.utils.FilePateUtils: java.lang.String getUUIDExternalFileThreePath()
com.uuid.utils.FilePateUtils: java.lang.String getUUIDInteriorFileOnePath(android.content.Context)
com.uuid.utils.FilePateUtils: java.lang.String getUUIDInteriorFileTwoPath(android.content.Context)
com.uuid.utils.FilePateUtils: java.lang.String getUUIDInteriorFileThreePath(android.content.Context)
com.uuid.utils.FilePateUtils: java.lang.String getUUIDSystemFileOnePath(android.content.Context)
com.uuid.utils.FilePateUtils: java.lang.String getUUIDSystemFileTwoPath(android.content.Context)
com.uuid.utils.FilePateUtils: java.lang.String getUUIDSystemFileThreePath(android.content.Context)
com.uuid.utils.FilePateUtils: java.lang.String getKpshLogLevelFilePath()
com.uuid.utils.FileToolUtils: FileToolUtils()
com.uuid.utils.FileToolUtils: boolean isSdCardExist()
com.uuid.utils.FileToolUtils: boolean isPermissionSym(android.content.Context)
com.uuid.utils.FileToolUtils: java.lang.String getSubString(java.lang.String)
com.uuid.utils.FileToolUtils: java.lang.String getPackageNames(android.content.Context)
com.uuid.utils.FileToolUtils: boolean isLenEnough(java.lang.String)
com.uuid.utils.FileToolUtils: boolean isStrAlphanumeric(java.lang.String)
com.uuid.utils.FilesUtils: FilesUtils()
com.uuid.utils.FilesUtils: void WriteFileInfo(android.content.Context,java.lang.String,java.lang.String)
com.uuid.utils.FilesUtils: java.lang.String ReadUUIDInfo(android.content.Context,java.io.File)
com.uuid.utils.ImeiUtils: ImeiUtils()
com.uuid.utils.ImeiUtils: java.lang.String getAndroidID(android.content.Context)
com.uuid.utils.ImeiUtils: java.lang.String getImei(android.content.Context,int)
com.uuid.utils.ImsiUtils: java.lang.String getImsi(android.content.Context)
com.uuid.utils.ImsiUtils: ImsiUtils(android.content.Context)
com.uuid.utils.ImsiUtils$IMSInfo: java.lang.String toString()
com.uuid.utils.LogUtils: LogUtils()
com.uuid.utils.LogUtils: void i(android.content.Context,java.lang.String)
com.uuid.utils.LogUtils: void v(android.content.Context,java.lang.String)
com.uuid.utils.LogUtils: void d(android.content.Context,java.lang.String)
com.uuid.utils.LogUtils: void e(android.content.Context,java.lang.String)