VivoClockWeatherMusicWidget/proguard/mapping.txt
com.cooee.widgetnative.enjoy.DownloadActivity -> com.cooee.widgetnative.enjoy.DownloadActivity:
    void onCreate(android.os.Bundle) -> onCreate
    android.graphics.drawable.Drawable getAppIconDrawableByPkgName(android.content.Context,java.lang.String) -> getAppIconDrawableByPkgName
    void onClick(android.view.View) -> onClick
com.cooee.widgetnative.enjoy.DownloadActivity$1 -> com.cooee.widgetnative.enjoy.a:
    com.cooee.widgetnative.enjoy.DownloadActivity this$0 -> a
    void setProxy(java.lang.Object) -> setProxy
    void onDownloadSuccess() -> onDownloadSuccess
    void onDownloadFail() -> onDownloadFail
    void onDownloadProgress(int) -> onDownloadProgress
    void onInstallSuccess(java.lang.String) -> onInstallSuccess
    void showMessage(java.lang.String) -> showMessage
com.cooee.widgetnative.enjoy.ReStartBroadcast -> com.cooee.widgetnative.enjoy.ReStartBroadcast:
    void onReceive(android.content.Context,android.content.Intent) -> onReceive
com.cooee.widgetnative.enjoy.WidgetProvider -> com.cooee.widgetnative.enjoy.WidgetProvider:
    java.lang.String TAG -> a
    void onReceive(android.content.Context,android.content.Intent) -> onReceive
    void onEnabled(android.content.Context) -> onEnabled
    void onUpdate(android.content.Context,android.appwidget.AppWidgetManager,int[]) -> onUpdate
    void onDisabled(android.content.Context) -> onDisabled
com.cooee.widgetnative.enjoy.common.BitmapUtils -> com.cooee.widgetnative.enjoy.a.a:
    android.graphics.Bitmap adaptive(android.graphics.Bitmap,float,float) -> adaptive
    android.graphics.Bitmap onCompositeImages(android.graphics.Bitmap,android.graphics.Bitmap,android.graphics.Bitmap) -> onCompositeImages
    void saveMyBitmap(java.lang.String,android.graphics.Bitmap) -> saveMyBitmap
com.cooee.widgetnative.enjoy.common.WeatherIMG -> com.cooee.widgetnative.enjoy.a.b:
    int matchingWeather(java.lang.String) -> matchingWeather
com.cooee.widgetnative.enjoy.manager.ClockManager -> com.cooee.widgetnative.enjoy.b.a:
    com.cooee.widgetnative.enjoy.manager.ClockManager mClockManager -> a
    android.content.Context mContext -> b
    boolean showClockVeiw -> c
    java.lang.String default_clock_package -> d
    java.util.HashMap item -> e
    java.util.List pagList -> f
    int mCurrentHour -> g
    int mCurrentMinute -> h
    int[] timeNumbers -> i
    com.cooee.widgetnative.enjoy.manager.ClockManager getInstance(android.content.Context) -> getInstance
    void initClickView(android.widget.RemoteViews) -> initClickView
    void onClick() -> onClick
    void updateAllWidget(android.widget.RemoteViews) -> updateAllWidget
    boolean isShowClockVeiw() -> isShowClockVeiw
com.cooee.widgetnative.enjoy.manager.ClockManager$PInfo -> com.cooee.widgetnative.enjoy.b.b:
    java.lang.String appname -> b
    java.lang.String pname -> c
    java.lang.String versionName -> d
    int versionCode -> e
    com.cooee.widgetnative.enjoy.manager.ClockManager this$0 -> a
    void access$0(com.cooee.widgetnative.enjoy.manager.ClockManager$PInfo,java.lang.String) -> a
    void access$1(com.cooee.widgetnative.enjoy.manager.ClockManager$PInfo,java.lang.String) -> b
    void access$2(com.cooee.widgetnative.enjoy.manager.ClockManager$PInfo,java.lang.String) -> c
    void access$3(com.cooee.widgetnative.enjoy.manager.ClockManager$PInfo,int) -> a
    void access$4(com.cooee.widgetnative.enjoy.manager.ClockManager$PInfo) -> a
    java.lang.String access$5(com.cooee.widgetnative.enjoy.manager.ClockManager$PInfo) -> b
    java.lang.String access$6(com.cooee.widgetnative.enjoy.manager.ClockManager$PInfo) -> c
...
com.android.volley.AuthFailureError -> com.android.volley.AuthFailureError:
    android.content.Intent mResolutionIntent -> mResolutionIntent
    android.content.Intent getResolutionIntent() -> getResolutionIntent
    java.lang.String getMessage() -> getMessage
com.android.volley.Cache -> com.android.volley.Cache:
    com.android.volley.Cache$Entry get(java.lang.String) -> get
    void put(java.lang.String,com.android.volley.Cache$Entry) -> put
    void initialize() -> initialize
    void invalidate(java.lang.String,boolean) -> invalidate
    void remove(java.lang.String) -> remove
    void clear() -> clear
com.android.volley.Cache$Entry -> com.android.volley.Cache$Entry:
    byte[] data -> data
    java.lang.String etag -> etag
    long serverDate -> serverDate
    long lastModified -> lastModified
    long ttl -> ttl
    long softTtl -> softTtl
    java.util.Map responseHeaders -> responseHeaders
    boolean isExpired() -> isExpired
    boolean refreshNeeded() -> refreshNeeded
com.android.volley.CacheDispatcher -> com.android.volley.CacheDispatcher:
    boolean DEBUG -> DEBUG
    java.util.concurrent.BlockingQueue mCacheQueue -> mCacheQueue
    java.util.concurrent.BlockingQueue mNetworkQueue -> mNetworkQueue
    com.android.volley.Cache mCache -> mCache
    com.android.volley.ResponseDelivery mDelivery -> mDelivery
    boolean mQuit -> mQuit
    void quit() -> quit
    void run() -> run
    java.util.concurrent.BlockingQueue access$0(com.android.volley.CacheDispatcher) -> access$0
com.android.volley.CacheDispatcher$1 -> com.android.volley.CacheDispatcher$1:
    com.android.volley.CacheDispatcher this$0 -> this$0
    com.android.volley.Request val$request -> val$request
    void run() -> run
com.android.volley.DefaultRetryPolicy -> com.android.volley.DefaultRetryPolicy:
    int mCurrentTimeoutMs -> mCurrentTimeoutMs
    int mCurrentRetryCount -> mCurrentRetryCount
    int mMaxNumRetries -> mMaxNumRetries
    float mBackoffMultiplier -> mBackoffMultiplier
    int DEFAULT_TIMEOUT_MS -> DEFAULT_TIMEOUT_MS
    int DEFAULT_MAX_RETRIES -> DEFAULT_MAX_RETRIES
    float DEFAULT_BACKOFF_MULT -> DEFAULT_BACKOFF_MULT
    int getCurrentTimeout() -> getCurrentTimeout
    int getCurrentRetryCount() -> getCurrentRetryCount
    float getBackoffMultiplier() -> getBackoffMultiplier
    void retry(com.android.volley.VolleyError) -> retry
    boolean hasAttemptRemaining() -> hasAttemptRemaining
com.android.volley.ExecutorDelivery -> com.android.volley.ExecutorDelivery:
    java.util.concurrent.Executor mResponsePoster -> mResponsePoster
    void postResponse(com.android.volley.Request,com.android.volley.Response) -> postResponse
    void postResponse(com.android.volley.Request,com.android.volley.Response,java.lang.Runnable) -> postResponse
    void postError(com.android.volley.Request,com.android.volley.VolleyError) -> postError
com.android.volley.ExecutorDelivery$1 -> com.android.volley.ExecutorDelivery$1:
    com.android.volley.ExecutorDelivery this$0 -> this$0
    android.os.Handler val$handler -> val$handler
    void execute(java.lang.Runnable) -> execute
com.android.volley.ExecutorDelivery$ResponseDeliveryRunnable -> com.android.volley.ExecutorDelivery$ResponseDeliveryRunnable:
    com.android.volley.Request mRequest -> mRequest
    com.android.volley.Response mResponse -> mResponse
    java.lang.Runnable mRunnable -> mRunnable
    com.android.volley.ExecutorDelivery this$0 -> this$0
    void run() -> run
com.android.volley.InternalUtils -> com.android.volley.InternalUtils:
    char[] HEX_CHARS -> HEX_CHARS
    java.lang.String convertToHex(byte[]) -> convertToHex
    java.lang.String sha1Hash(java.lang.String) -> sha1Hash
com.android.volley.Network -> com.android.volley.Network:
    com.android.volley.NetworkResponse performRequest(com.android.volley.Request) -> performRequest