VivoClockWeatherMusicWidget/proguard/usage.txt
com.cooee.widgetnative.enjoy.BuildConfig
com.cooee.widgetnative.enjoy.R
com.cooee.widgetnative.enjoy.R$attr
com.cooee.widgetnative.enjoy.R$bool
com.cooee.widgetnative.enjoy.R$dimen
com.cooee.widgetnative.enjoy.R$drawable
com.cooee.widgetnative.enjoy.R$id
com.cooee.widgetnative.enjoy.R$integer
com.cooee.widgetnative.enjoy.R$layout
com.cooee.widgetnative.enjoy.R$string
com.cooee.widgetnative.enjoy.R$style
com.cooee.widgetnative.enjoy.ReStartBroadcast:
    private static final java.lang.String TAG
com.cooee.widgetnative.enjoy.WidgetProvider:
    public static final java.lang.String CLICK_CLOCK_LAYOUT
    public static final java.lang.String CLICK_WEATHER_LAYOUT
com.cooee.widgetnative.enjoy.common.WeatherIMG:
    public static final int FOGS
    public static final int OVERCASTS
    public static final int MOSTCLOUDYS
    public static final int RAINS
    public static final int SNOWS
    public static final int SUNNYS
    public static final int THUNDERSTORMS
    public static final int UNKONWN
com.cooee.widgetnative.enjoy.manager.ClockManager:
    public static final java.lang.String TAG
com.cooee.widgetnative.enjoy.manager.MusicManager:
    public static final java.lang.String TAG
    public static final java.lang.String TOGGLEPAUSE_ACTION
    public static final java.lang.String PREVIOUS_ACTION
    public static final java.lang.String NEXT_ACTION
    public static final java.lang.String PLAYSTATE_CHANGED
    public static final java.lang.String META_CHANGED
com.cooee.widgetnative.enjoy.manager.WeatherManager:
    public static final java.lang.String TAG
com.cooee.widgetnative.enjoy.service.ClockWeatherMusicService:
    private static final java.lang.String TAG
...
com.cooee.shell.sdk.CooeeLog:
    public static final java.lang.String TAG_DEFAULT
    private static final java.lang.String LEVEL_FILE_NAME
    public static final int LEVEL_NONE
    public static final int LEVEL_ERROR
    public static final int LEVEL_VERBOSE
    public static final int LEVEL_DEBUG
    public static final int LEVEL_INFO
    public static final int LEVEL_WARN
    27:28:private CooeeLog()
com.cooee.shell.sdk.ExceptionLog:
    public static final java.lang.String SHELL_EXCEPTION_LOG
    public static final java.lang.String SHELL_EXCEPTION_XML
    public static final java.lang.String SHELL_EXCEPTION_TIME
    public static final java.lang.String TYPE_MD5_ERR
    public static final java.lang.String TYPE_XML_ERR
    public static final java.lang.String TYPE_VER_LOW
    public static final java.lang.String TYPE_CPY_ERR
    public static final java.lang.String TYPE_NET_NON_200
    public static final java.lang.String TYPE_TSK_FILE_ERR
    public static final java.lang.String SHELL_UPDATE_EXCEPTION_FILE
com.cooee.shell.sdk.FileUtils:
    public static final int WRITE1_FAIL
    public static final int WRITE1_POSITION_SDCARD
    public static final int WRITE1_POSITION_PRIVATE
com.cooee.shell.sdk.JarFileUtils:
    public static final int VER_SMALL
    public static final int VER_EQUAL
    public static final int VER_BIG
com.cooee.shell.sdk.SdkClassUtils:
    public static final java.lang.String SHELL_SERVICE_HULL_NAME
com.cooee.shell.sdk.SdkPathUtils:
    private static final java.lang.String SHELL_MODULE
    private static final java.lang.String PAY_MODULE
    private static final java.lang.String SDK_DIR
    private static final java.lang.String MODULE_DIR
    private static final java.lang.String SHELL_DIR
    private static final java.lang.String PAY_DIR
    private static final java.lang.String DOWNLOAD_DIR
com.cooee.shell.shell.SdkActivityHullV5:
    public static final java.lang.String META_FEATURE_LOGO
    public static final java.lang.String META_FEATURE_DOWN
    public static final java.lang.String META_FEATURE_EXIT
    public static final java.lang.String ACTION_PREFIX
    public static final java.lang.String ACTION_EXIT_SCREEN
    public static final java.lang.String ACTION_DOWNLOADING_SCREEN
    public static final java.lang.String ACTION_RESULT_CALLBACK_LAY_SHELL
    public static final java.lang.String ACTION_RESULT_CALLBACK_LAY_PAYMENT
    public static final int COMPAT_STATE_NORMAL
    public static final int COMPAT_STATE_FINISH
    public static final int COMPAT_STATE_GOTO_GAME
com.cooee.shell.shell.SdkActivityHullV5$ResultCallBackStub:
    public static final int REQUEST_CODE_EXIT_CB
com.cooee.weather.clientdocking.ContentProviderUtil:
    public static final java.lang.String SETTING_URI
    public static final java.lang.String MAINCITY
com.cooee.weather.clientdocking.ContentProviderUtil2345:
    private static final java.lang.String AUTHORITY
    private static final java.lang.String AREA_ID
    private static final java.lang.String AREA_NAME
    private static final java.lang.String INTERNATIONAL
    private static final java.lang.String DEFAULT_CITY
com.cooee.weather.clientdocking.WeatherCondition
com.cooee.weather.clientdocking.WeatherCondition$Condition
com.cooee.weather.clientdocking.WeatherEntity:
    public static final java.lang.String UPDATE_MILIS
    public static final java.lang.String CITY
    public static final java.lang.String POSTALCODE
    public static final java.lang.String FORECASTDATE
    public static final java.lang.String CONDITION
    public static final java.lang.String TEMPF
    public static final java.lang.String TEMPC
    public static final java.lang.String HUMIDITY
    public static final java.lang.String ICON
    public static final java.lang.String WINDCONDITION
    public static final java.lang.String LAST_UPDATE_TIME
    public static final java.lang.String IS_CONFIGURED
    public static final java.lang.String TEMPH
    public static final java.lang.String TEMPL